<?xml version="1.0" encoding="UTF-8"?>
<testng-results skipped="0" failed="1" ignored="0" total="5" passed="4">
  <reporter-output>
  </reporter-output>
  <suite name="All Test Suite" duration-ms="25048" started-at="2021-09-03T18:15:43 PDT" finished-at="2021-09-03T18:16:08 PDT">
    <groups>
    </groups>
    <test name="Validate title" duration-ms="12820" started-at="2021-09-03T18:15:43 PDT" finished-at="2021-09-03T18:15:56 PDT">
      <class name="FrameworkBuild.ValidateTitle">
        <test-method status="PASS" signature="initialize()[pri:0, instance:FrameworkBuild.ValidateTitle@5c7bfdc1]" name="initialize" is-config="true" duration-ms="3316" started-at="2021-09-03T18:15:43 PDT" finished-at="2021-09-03T18:15:46 PDT">
          <reporter-output>
          </reporter-output>
        </test-method> <!-- initialize -->
        <test-method status="FAIL" signature="navigateToLandingPage()[pri:0, instance:FrameworkBuild.ValidateTitle@5c7bfdc1]" name="navigateToLandingPage" duration-ms="5556" started-at="2021-09-03T18:15:47 PDT" finished-at="2021-09-03T18:15:52 PDT">
          <exception class="java.lang.AssertionError">
            <message>
              <![CDATA[expected [FEATURED_COURSES] but found [FEATURED COURSES]]]>
            </message>
            <full-stacktrace>
              <![CDATA[java.lang.AssertionError: expected [FEATURED_COURSES] but found [FEATURED COURSES]
at org.testng.Assert.fail(Assert.java:99)
at org.testng.Assert.failNotEquals(Assert.java:1037)
at org.testng.Assert.assertEqualsImpl(Assert.java:140)
at org.testng.Assert.assertEquals(Assert.java:122)
at org.testng.Assert.assertEquals(Assert.java:629)
at org.testng.Assert.assertEquals(Assert.java:639)
at FrameworkBuild.ValidateTitle.navigateToLandingPage(ValidateTitle.java:35)
at sun.reflect.NativeMethodAccessorImpl.invoke0(Native Method)
at sun.reflect.NativeMethodAccessorImpl.invoke(NativeMethodAccessorImpl.java:62)
at sun.reflect.DelegatingMethodAccessorImpl.invoke(DelegatingMethodAccessorImpl.java:43)
at java.lang.reflect.Method.invoke(Method.java:498)
at org.testng.internal.MethodInvocationHelper.invokeMethod(MethodInvocationHelper.java:133)
at org.testng.internal.TestInvoker.invokeMethod(TestInvoker.java:598)
at org.testng.internal.TestInvoker.invokeTestMethod(TestInvoker.java:173)
at org.testng.internal.MethodRunner.runInSequence(MethodRunner.java:46)
at org.testng.internal.TestInvoker$MethodInvocationAgent.invoke(TestInvoker.java:824)
at org.testng.internal.TestInvoker.invokeTestMethods(TestInvoker.java:146)
at org.testng.internal.TestMethodWorker.invokeTestMethods(TestMethodWorker.java:146)
at org.testng.internal.TestMethodWorker.run(TestMethodWorker.java:128)
at java.util.ArrayList.forEach(ArrayList.java:1259)
at org.testng.TestRunner.privateRun(TestRunner.java:794)
at org.testng.TestRunner.run(TestRunner.java:596)
at org.testng.SuiteRunner.runTest(SuiteRunner.java:377)
at org.testng.SuiteRunner.access$000(SuiteRunner.java:28)
at org.testng.SuiteRunner$SuiteWorker.run(SuiteRunner.java:418)
at org.testng.internal.thread.ThreadUtil.lambda$execute$0(ThreadUtil.java:64)
at java.util.concurrent.FutureTask.run(FutureTask.java:266)
at java.util.concurrent.ThreadPoolExecutor.runWorker(ThreadPoolExecutor.java:1149)
at java.util.concurrent.ThreadPoolExecutor$Worker.run(ThreadPoolExecutor.java:624)
at java.lang.Thread.run(Thread.java:748)
]]>
            </full-stacktrace>
          </exception> <!-- java.lang.AssertionError -->
          <reporter-output>
          </reporter-output>
        </test-method> <!-- navigateToLandingPage -->
        <test-method status="PASS" signature="teardown()[pri:0, instance:FrameworkBuild.ValidateTitle@5c7bfdc1]" name="teardown" is-config="true" duration-ms="227" started-at="2021-09-03T18:15:56 PDT" finished-at="2021-09-03T18:15:56 PDT">
          <reporter-output>
          </reporter-output>
        </test-method> <!-- teardown -->
      </class> <!-- FrameworkBuild.ValidateTitle -->
    </test> <!-- Validate title -->
    <test name="Validating navigation bar" duration-ms="11407" started-at="2021-09-03T18:15:43 PDT" finished-at="2021-09-03T18:15:54 PDT">
      <class name="FrameworkBuild.ValidateNavigationBar">
        <test-method status="PASS" signature="initialize()[pri:0, instance:FrameworkBuild.ValidateNavigationBar@7139992f]" name="initialize" is-config="true" duration-ms="3316" started-at="2021-09-03T18:15:43 PDT" finished-at="2021-09-03T18:15:46 PDT">
          <reporter-output>
          </reporter-output>
        </test-method> <!-- initialize -->
        <test-method status="PASS" signature="navBar()[pri:0, instance:FrameworkBuild.ValidateNavigationBar@7139992f]" name="navBar" duration-ms="7699" started-at="2021-09-03T18:15:47 PDT" finished-at="2021-09-03T18:15:54 PDT">
          <reporter-output>
          </reporter-output>
        </test-method> <!-- navBar -->
        <test-method status="PASS" signature="teardown()[pri:0, instance:FrameworkBuild.ValidateNavigationBar@7139992f]" name="teardown" is-config="true" duration-ms="215" started-at="2021-09-03T18:15:54 PDT" finished-at="2021-09-03T18:15:54 PDT">
          <reporter-output>
          </reporter-output>
        </test-method> <!-- teardown -->
      </class> <!-- FrameworkBuild.ValidateNavigationBar -->
    </test> <!-- Validating navigation bar -->
    <test name="Validating basePageNavigation" duration-ms="18820" started-at="2021-09-03T18:15:43 PDT" finished-at="2021-09-03T18:16:02 PDT">
      <class name="FrameworkBuild.HomePage">
        <test-method status="PASS" signature="initialize()[pri:0, instance:FrameworkBuild.HomePage@15888343]" name="initialize" is-config="true" duration-ms="3391" started-at="2021-09-03T18:15:43 PDT" finished-at="2021-09-03T18:15:46 PDT">
          <reporter-output>
          </reporter-output>
        </test-method> <!-- initialize -->
        <test-method status="PASS" signature="basePageNavigation(java.lang.String,java.lang.String,java.lang.String)[pri:0, instance:FrameworkBuild.HomePage@15888343]" name="basePageNavigation" duration-ms="11406" started-at="2021-09-03T18:15:47 PDT" data-provider="getData" finished-at="2021-09-03T18:15:58 PDT">
          <params>
            <param index="0">
              <value>
                <![CDATA[user1@abc.com]]>
              </value>
            </param>
            <param index="1">
              <value>
                <![CDATA[user1]]>
              </value>
            </param>
            <param index="2">
              <value>
                <![CDATA[User1 login]]>
              </value>
            </param>
          </params>
          <reporter-output>
          </reporter-output>
        </test-method> <!-- basePageNavigation -->
        <test-method status="PASS" signature="basePageNavigation(java.lang.String,java.lang.String,java.lang.String)[pri:0, instance:FrameworkBuild.HomePage@15888343]" name="basePageNavigation" duration-ms="3798" started-at="2021-09-03T18:15:58 PDT" data-provider="getData" finished-at="2021-09-03T18:16:02 PDT">
          <params>
            <param index="0">
              <value>
                <![CDATA[user2@abc.com]]>
              </value>
            </param>
            <param index="1">
              <value>
                <![CDATA[user2]]>
              </value>
            </param>
            <param index="2">
              <value>
                <![CDATA[User2 login]]>
              </value>
            </param>
          </params>
          <reporter-output>
          </reporter-output>
        </test-method> <!-- basePageNavigation -->
        <test-method status="PASS" signature="teardown()[pri:0, instance:FrameworkBuild.HomePage@15888343]" name="teardown" is-config="true" duration-ms="137" started-at="2021-09-03T18:16:02 PDT" finished-at="2021-09-03T18:16:02 PDT">
          <reporter-output>
          </reporter-output>
        </test-method> <!-- teardown -->
      </class> <!-- FrameworkBuild.HomePage -->
    </test> <!-- Validating basePageNavigation -->
    <test name="Validating practice on landing page" duration-ms="25047" started-at="2021-09-03T18:15:43 PDT" finished-at="2021-09-03T18:16:08 PDT">
      <class name="FrameworkBuild.ValidatePracticeLandingPage">
        <test-method status="PASS" signature="initialize()[pri:0, instance:FrameworkBuild.ValidatePracticeLandingPage@7eecb5b8]" name="initialize" is-config="true" duration-ms="3700" started-at="2021-09-03T18:15:43 PDT" finished-at="2021-09-03T18:15:47 PDT">
          <reporter-output>
          </reporter-output>
        </test-method> <!-- initialize -->
        <test-method status="PASS" signature="validatePractice()[pri:0, instance:FrameworkBuild.ValidatePracticeLandingPage@7eecb5b8]" name="validatePractice" duration-ms="21216" started-at="2021-09-03T18:15:47 PDT" finished-at="2021-09-03T18:16:08 PDT">
          <reporter-output>
          </reporter-output>
        </test-method> <!-- validatePractice -->
        <test-method status="PASS" signature="teardown()[pri:0, instance:FrameworkBuild.ValidatePracticeLandingPage@7eecb5b8]" name="teardown" is-config="true" duration-ms="126" started-at="2021-09-03T18:16:08 PDT" finished-at="2021-09-03T18:16:08 PDT">
          <reporter-output>
          </reporter-output>
        </test-method> <!-- teardown -->
      </class> <!-- FrameworkBuild.ValidatePracticeLandingPage -->
    </test> <!-- Validating practice on landing page -->
  </suite> <!-- All Test Suite -->
</testng-results>
