<?xml version="1.0" encoding="UTF-8"?>
<testsuite xmlns:xsi="http://www.w3.org/2001/XMLSchema-instance" xsi:noNamespaceSchemaLocation="https://maven.apache.org/surefire/maven-surefire-plugin/xsd/surefire-test-report-3.0.xsd" version="3.0" name="TestSuite" time="26.119" tests="5" errors="0" skipped="0" failures="1">
  <properties>
    <property name="gopherProxySet" value="false"/>
    <property name="awt.toolkit" value="sun.lwawt.macosx.LWCToolkit"/>
    <property name="file.encoding.pkg" value="sun.io"/>
    <property name="java.specification.version" value="1.8"/>
    <property name="webdriver.chrome.driver" value="/Users/raghguru/Desktop/Selenium-Dpka/chromedriver"/>
    <property name="sun.cpu.isalist" value=""/>
    <property name="sun.jnu.encoding" value="UTF-8"/>
    <property name="java.class.path" value="/Users/raghguru/Desktop/Selenium-Dpka/E2ESeleniumProject/target/test-classes:/Users/raghguru/Desktop/Selenium-Dpka/E2ESeleniumProject/target/classes:/Users/raghguru/.m2/repository/org/seleniumhq/selenium/selenium-java/3.141.59/selenium-java-3.141.59.jar:/Users/raghguru/.m2/repository/org/seleniumhq/selenium/selenium-api/3.141.59/selenium-api-3.141.59.jar:/Users/raghguru/.m2/repository/org/seleniumhq/selenium/selenium-chrome-driver/3.141.59/selenium-chrome-driver-3.141.59.jar:/Users/raghguru/.m2/repository/org/seleniumhq/selenium/selenium-edge-driver/3.141.59/selenium-edge-driver-3.141.59.jar:/Users/raghguru/.m2/repository/org/seleniumhq/selenium/selenium-firefox-driver/3.141.59/selenium-firefox-driver-3.141.59.jar:/Users/raghguru/.m2/repository/org/seleniumhq/selenium/selenium-ie-driver/3.141.59/selenium-ie-driver-3.141.59.jar:/Users/raghguru/.m2/repository/org/seleniumhq/selenium/selenium-opera-driver/3.141.59/selenium-opera-driver-3.141.59.jar:/Users/raghguru/.m2/repository/org/seleniumhq/selenium/selenium-remote-driver/3.141.59/selenium-remote-driver-3.141.59.jar:/Users/raghguru/.m2/repository/org/seleniumhq/selenium/selenium-safari-driver/3.141.59/selenium-safari-driver-3.141.59.jar:/Users/raghguru/.m2/repository/org/seleniumhq/selenium/selenium-support/3.141.59/selenium-support-3.141.59.jar:/Users/raghguru/.m2/repository/net/bytebuddy/byte-buddy/1.8.15/byte-buddy-1.8.15.jar:/Users/raghguru/.m2/repository/org/apache/commons/commons-exec/1.3/commons-exec-1.3.jar:/Users/raghguru/.m2/repository/com/google/guava/guava/25.0-jre/guava-25.0-jre.jar:/Users/raghguru/.m2/repository/com/google/code/findbugs/jsr305/1.3.9/jsr305-1.3.9.jar:/Users/raghguru/.m2/repository/org/checkerframework/checker-compat-qual/2.0.0/checker-compat-qual-2.0.0.jar:/Users/raghguru/.m2/repository/com/google/errorprone/error_prone_annotations/2.1.3/error_prone_annotations-2.1.3.jar:/Users/raghguru/.m2/repository/com/google/j2objc/j2objc-annotations/1.1/j2objc-annotations-1.1.jar:/Users/raghguru/.m2/repository/org/codehaus/mojo/animal-sniffer-annotations/1.14/animal-sniffer-annotations-1.14.jar:/Users/raghguru/.m2/repository/com/squareup/okhttp3/okhttp/3.11.0/okhttp-3.11.0.jar:/Users/raghguru/.m2/repository/com/squareup/okio/okio/1.14.0/okio-1.14.0.jar:/Users/raghguru/.m2/repository/org/testng/testng/7.4.0/testng-7.4.0.jar:/Users/raghguru/.m2/repository/com/beust/jcommander/1.78/jcommander-1.78.jar:/Users/raghguru/.m2/repository/org/webjars/jquery/3.5.1/jquery-3.5.1.jar:/Users/raghguru/.m2/repository/org/apache/logging/log4j/log4j-api/2.14.1/log4j-api-2.14.1.jar:/Users/raghguru/.m2/repository/org/apache/logging/log4j/log4j-core/2.14.1/log4j-core-2.14.1.jar:/Users/raghguru/.m2/repository/commons-io/commons-io/2.11.0/commons-io-2.11.0.jar:/Users/raghguru/.m2/repository/com/aventstack/extentreports/5.0.8/extentreports-5.0.8.jar:/Users/raghguru/.m2/repository/io/reactivex/rxjava3/rxjava/3.0.4/rxjava-3.0.4.jar:/Users/raghguru/.m2/repository/org/reactivestreams/reactive-streams/1.0.3/reactive-streams-1.0.3.jar:/Users/raghguru/.m2/repository/org/freemarker/freemarker/2.3.30/freemarker-2.3.30.jar:/Users/raghguru/.m2/repository/org/projectlombok/lombok/1.18.12/lombok-1.18.12.jar:/Users/raghguru/.m2/repository/com/google/code/gson/gson/2.8.6/gson-2.8.6.jar:"/>
    <property name="java.vm.vendor" value="Amazon.com Inc."/>
    <property name="sun.arch.data.model" value="64"/>
    <property name="java.vendor.url" value="https://aws.amazon.com/corretto/"/>
    <property name="user.timezone" value="America/Los_Angeles"/>
    <property name="java.vm.specification.version" value="1.8"/>
    <property name="os.name" value="Mac OS X"/>
    <property name="user.country" value="US"/>
    <property name="sun.java.launcher" value="SUN_STANDARD"/>
    <property name="sun.boot.library.path" value="/Library/Java/JavaVirtualMachines/amazon-corretto-8.jdk/Contents/Home/jre/lib"/>
    <property name="sun.java.command" value="/Users/raghguru/Desktop/Selenium-Dpka/E2ESeleniumProject/target/surefire/surefirebooter7885418225443464544.jar /Users/raghguru/Desktop/Selenium-Dpka/E2ESeleniumProject/target/surefire 2021-09-03T18-15-41_992-jvmRun1 surefire2039973177334796038tmp surefire_08955262271170397287tmp"/>
    <property name="http.nonProxyHosts" value="local|*.local|169.254/16|*.169.254/16"/>
    <property name="surefire.test.class.path" value="/Users/raghguru/Desktop/Selenium-Dpka/E2ESeleniumProject/target/test-classes:/Users/raghguru/Desktop/Selenium-Dpka/E2ESeleniumProject/target/classes:/Users/raghguru/.m2/repository/org/seleniumhq/selenium/selenium-java/3.141.59/selenium-java-3.141.59.jar:/Users/raghguru/.m2/repository/org/seleniumhq/selenium/selenium-api/3.141.59/selenium-api-3.141.59.jar:/Users/raghguru/.m2/repository/org/seleniumhq/selenium/selenium-chrome-driver/3.141.59/selenium-chrome-driver-3.141.59.jar:/Users/raghguru/.m2/repository/org/seleniumhq/selenium/selenium-edge-driver/3.141.59/selenium-edge-driver-3.141.59.jar:/Users/raghguru/.m2/repository/org/seleniumhq/selenium/selenium-firefox-driver/3.141.59/selenium-firefox-driver-3.141.59.jar:/Users/raghguru/.m2/repository/org/seleniumhq/selenium/selenium-ie-driver/3.141.59/selenium-ie-driver-3.141.59.jar:/Users/raghguru/.m2/repository/org/seleniumhq/selenium/selenium-opera-driver/3.141.59/selenium-opera-driver-3.141.59.jar:/Users/raghguru/.m2/repository/org/seleniumhq/selenium/selenium-remote-driver/3.141.59/selenium-remote-driver-3.141.59.jar:/Users/raghguru/.m2/repository/org/seleniumhq/selenium/selenium-safari-driver/3.141.59/selenium-safari-driver-3.141.59.jar:/Users/raghguru/.m2/repository/org/seleniumhq/selenium/selenium-support/3.141.59/selenium-support-3.141.59.jar:/Users/raghguru/.m2/repository/net/bytebuddy/byte-buddy/1.8.15/byte-buddy-1.8.15.jar:/Users/raghguru/.m2/repository/org/apache/commons/commons-exec/1.3/commons-exec-1.3.jar:/Users/raghguru/.m2/repository/com/google/guava/guava/25.0-jre/guava-25.0-jre.jar:/Users/raghguru/.m2/repository/com/google/code/findbugs/jsr305/1.3.9/jsr305-1.3.9.jar:/Users/raghguru/.m2/repository/org/checkerframework/checker-compat-qual/2.0.0/checker-compat-qual-2.0.0.jar:/Users/raghguru/.m2/repository/com/google/errorprone/error_prone_annotations/2.1.3/error_prone_annotations-2.1.3.jar:/Users/raghguru/.m2/repository/com/google/j2objc/j2objc-annotations/1.1/j2objc-annotations-1.1.jar:/Users/raghguru/.m2/repository/org/codehaus/mojo/animal-sniffer-annotations/1.14/animal-sniffer-annotations-1.14.jar:/Users/raghguru/.m2/repository/com/squareup/okhttp3/okhttp/3.11.0/okhttp-3.11.0.jar:/Users/raghguru/.m2/repository/com/squareup/okio/okio/1.14.0/okio-1.14.0.jar:/Users/raghguru/.m2/repository/org/testng/testng/7.4.0/testng-7.4.0.jar:/Users/raghguru/.m2/repository/com/beust/jcommander/1.78/jcommander-1.78.jar:/Users/raghguru/.m2/repository/org/webjars/jquery/3.5.1/jquery-3.5.1.jar:/Users/raghguru/.m2/repository/org/apache/logging/log4j/log4j-api/2.14.1/log4j-api-2.14.1.jar:/Users/raghguru/.m2/repository/org/apache/logging/log4j/log4j-core/2.14.1/log4j-core-2.14.1.jar:/Users/raghguru/.m2/repository/commons-io/commons-io/2.11.0/commons-io-2.11.0.jar:/Users/raghguru/.m2/repository/com/aventstack/extentreports/5.0.8/extentreports-5.0.8.jar:/Users/raghguru/.m2/repository/io/reactivex/rxjava3/rxjava/3.0.4/rxjava-3.0.4.jar:/Users/raghguru/.m2/repository/org/reactivestreams/reactive-streams/1.0.3/reactive-streams-1.0.3.jar:/Users/raghguru/.m2/repository/org/freemarker/freemarker/2.3.30/freemarker-2.3.30.jar:/Users/raghguru/.m2/repository/org/projectlombok/lombok/1.18.12/lombok-1.18.12.jar:/Users/raghguru/.m2/repository/com/google/code/gson/gson/2.8.6/gson-2.8.6.jar:"/>
    <property name="sun.cpu.endian" value="little"/>
    <property name="user.home" value="/Users/raghguru"/>
    <property name="user.language" value="en"/>
    <property name="java.specification.vendor" value="Oracle Corporation"/>
    <property name="java.home" value="/Library/Java/JavaVirtualMachines/amazon-corretto-8.jdk/Contents/Home/jre"/>
    <property name="basedir" value="/Users/raghguru/Desktop/Selenium-Dpka/E2ESeleniumProject"/>
    <property name="file.separator" value="/"/>
    <property name="line.separator" value="&#10;"/>
    <property name="java.vm.specification.vendor" value="Oracle Corporation"/>
    <property name="java.specification.name" value="Java Platform API Specification"/>
    <property name="java.awt.graphicsenv" value="sun.awt.CGraphicsEnvironment"/>
    <property name="surefire.real.class.path" value="/Users/raghguru/Desktop/Selenium-Dpka/E2ESeleniumProject/target/surefire/surefirebooter7885418225443464544.jar"/>
    <property name="sun.boot.class.path" value="/Library/Java/JavaVirtualMachines/amazon-corretto-8.jdk/Contents/Home/jre/lib/resources.jar:/Library/Java/JavaVirtualMachines/amazon-corretto-8.jdk/Contents/Home/jre/lib/rt.jar:/Library/Java/JavaVirtualMachines/amazon-corretto-8.jdk/Contents/Home/jre/lib/sunrsasign.jar:/Library/Java/JavaVirtualMachines/amazon-corretto-8.jdk/Contents/Home/jre/lib/jsse.jar:/Library/Java/JavaVirtualMachines/amazon-corretto-8.jdk/Contents/Home/jre/lib/jce.jar:/Library/Java/JavaVirtualMachines/amazon-corretto-8.jdk/Contents/Home/jre/lib/charsets.jar:/Library/Java/JavaVirtualMachines/amazon-corretto-8.jdk/Contents/Home/jre/lib/jfr.jar:/Library/Java/JavaVirtualMachines/amazon-corretto-8.jdk/Contents/Home/jre/classes"/>
    <property name="sun.management.compiler" value="HotSpot 64-Bit Tiered Compilers"/>
    <property name="ftp.nonProxyHosts" value="local|*.local|169.254/16|*.169.254/16"/>
    <property name="java.runtime.version" value="1.8.0_292-b10"/>
    <property name="user.name" value="raghguru"/>
    <property name="path.separator" value=":"/>
    <property name="os.version" value="10.15.7"/>
    <property name="java.endorsed.dirs" value="/Library/Java/JavaVirtualMachines/amazon-corretto-8.jdk/Contents/Home/jre/lib/endorsed"/>
    <property name="java.runtime.name" value="OpenJDK Runtime Environment"/>
    <property name="file.encoding" value="UTF-8"/>
    <property name="browser" value="chrome"/>
    <property name="java.vm.name" value="OpenJDK 64-Bit Server VM"/>
    <property name="localRepository" value="/Users/raghguru/.m2/repository"/>
    <property name="java.vendor.url.bug" value="https://github.com/corretto/corretto-8/issues/"/>
    <property name="java.io.tmpdir" value="/var/folders/99/jp36hldn5b92y1_mhmz78751566rct/T/"/>
    <property name="java.version" value="1.8.0_292"/>
    <property name="user.dir" value="/Users/raghguru/Desktop/Selenium-Dpka/E2ESeleniumProject"/>
    <property name="os.arch" value="x86_64"/>
    <property name="java.vm.specification.name" value="Java Virtual Machine Specification"/>
    <property name="java.awt.printerjob" value="sun.lwawt.macosx.CPrinterJob"/>
    <property name="sun.os.patch.level" value="unknown"/>
    <property name="java.library.path" value="/Users/raghguru/Library/Java/Extensions:/Library/Java/Extensions:/Network/Library/Java/Extensions:/System/Library/Java/Extensions:/usr/lib/java:."/>
    <property name="java.vm.info" value="mixed mode"/>
    <property name="java.vendor" value="Amazon.com Inc."/>
    <property name="java.vm.version" value="25.292-b10"/>
    <property name="java.ext.dirs" value="/Users/raghguru/Library/Java/Extensions:/Library/Java/JavaVirtualMachines/amazon-corretto-8.jdk/Contents/Home/jre/lib/ext:/Library/Java/Extensions:/Network/Library/Java/Extensions:/System/Library/Java/Extensions:/usr/lib/java"/>
    <property name="sun.io.unicode.encoding" value="UnicodeBig"/>
    <property name="java.class.version" value="52.0"/>
    <property name="socksNonProxyHosts" value="local|*.local|169.254/16|*.169.254/16"/>
  </properties>
  <testcase name="navigateToLandingPage" classname="FrameworkBuild.ValidateTitle" time="5.339">
    <failure message="expected [FEATURED_COURSES] but found [FEATURED COURSES]" type="java.lang.AssertionError"><![CDATA[java.lang.AssertionError: expected [FEATURED_COURSES] but found [FEATURED COURSES]
	at FrameworkBuild.ValidateTitle.navigateToLandingPage(ValidateTitle.java:35)
]]></failure>
    <system-err><![CDATA[StSatrtairngt iCSnhtgraor SmtCetihDanrrrgtoi iCmvnheegrrDo r mC9ihev2Dre.romir0ev .De49rr52i .19v052e...r44 0539. 14255.(.10843c5.6 4.1(54b8317c 5e6.(21489b3c876 9e(1f28b297c896e992989ff12b2799e99209d084d294ff228f5989950c9dacc4a72c7f118359cac1719331191139717337877778c7c8ec7-ccrecee--rfresef/fbsrs/a/bnbrcahn-chhe-raahdns/4c51h5-@{heads/045d145@2f{8#35#93c00a66c}}7))1  3o1n9 1p3o7r7t8 74co4c6n 2p6eo
-rOrnte lfsy1 3/0lbr4oa3cna
cOlhn-l hyec olonncaecl tconneictoionsns  aarrea daelsl oaleawldeosd./
Pw4l5ea1es5e@ {d#s.e3
0eP 6l}he)tat posn: /p/ocrhtr o3m7ed67ri7v
Oenrl.chromium.org/security-considerati/o4n51s5 f@{or#s 3e06} )s oeen  hptotrpts :4/4/2c5h7r
oOmnleyd rilvocael rc.ocnnherctoiomnisu ma.roer ga/lsleocwuerdi.t
yP-lceaosnes isdeeera tihontst fposr :s/ug/gecshtironosm eodrni vkeeerp.cinhgry o Cmlhiorucomamle. Docrorinvgn/eesrce tcsiouanrfsei t.a
yr-ec oanlsliodweedr.a
tPiolnse faors es uggestiosnse eo nh tktepesp:i/n/gc hCrhormoemderDirvievr.chromeiru ms.aofre.g/
securisutyg-cgoensstiidoenrsat ioonn sk efeopir nsg Chrouggmees[Dt1ri6oi[3nv10es67 r31o 08sn71a 14fk38ee.1e.49p
3.9[6166]3[0[171W81A6R3N0I7N1G48]31.:493 6F8]r[o.mW9SAC6Roh8cN]rkI[oANWmdGeA]dRDr:rN  IiFfNvraGeoi]rlm :eS wdoa csko Ansd tdnaerr ttmefaad Fsirslkuo
emcd cioennss gfn uelCtlhmrya.os
mkeDr
iver sa66CCh]hr[rWoomAmeReDNDrIriNiGvve]e:rr  wF arwsoa msSs toscakrttAaderddtr e sdfu acsiculesecsdc feousnls lfynue.lt
flmeay.s.
k
C
hromeDriver was started successfully.
SockAddr failed on netmask
Sep 03, 2021 6:15:46 PM org.openqa.selenium.remote.ProtocolHandshake createSession
INFO: Detected dialect: W3C
Sep 03, 2021 6:15:46 PM org.openqa.selenium.remote.ProtocolHandshake createSession
INFO: Detected dialect: W3C
Sep 03, 2021 6:15:46 PM org.openqa.selenium.remote.ProtocolHandshake createSession
INFO: Detected dialect: W3C
Sep 03, 2021 6:15:47 PM org.openqa.selenium.remote.ProtocolHandshake createSession
INFO: Detected dialect: W3C
]]></system-err>
  </testcase>
  <testcase name="navBar" classname="FrameworkBuild.ValidateNavigationBar" time="7.485"/>
  <testcase name="basePageNavigation[user1@abc.com, user1, User1 login](1)" classname="FrameworkBuild.HomePage" time="11.187">
    <system-out><![CDATA[PASSED: navBar

===============================================
    Validating navigation bar
    Tests run: 1, Failures: 0, Skips: 0
===============================================

FAILED: navigateToLandingPage
java.lang.AssertionError: expected [FEATURED_COURSES] but found [FEATURED COURSES]
	at org.testng.Assert.fail(Assert.java:99)
	at org.testng.Assert.failNotEquals(Assert.java:1037)
	at org.testng.Assert.assertEqualsImpl(Assert.java:140)
	at org.testng.Assert.assertEquals(Assert.java:122)
	at org.testng.Assert.assertEquals(Assert.java:629)
	at org.testng.Assert.assertEquals(Assert.java:639)
	at FrameworkBuild.ValidateTitle.navigateToLandingPage(ValidateTitle.java:35)
	at sun.reflect.NativeMethodAccessorImpl.invoke0(Native Method)
	at sun.reflect.NativeMethodAccessorImpl.invoke(NativeMethodAccessorImpl.java:62)
	at sun.reflect.DelegatingMethodAccessorImpl.invoke(DelegatingMethodAccessorImpl.java:43)
	at java.lang.reflect.Method.invoke(Method.java:498)
	at org.testng.internal.MethodInvocationHelper.invokeMethod(MethodInvocationHelper.java:133)
	at org.testng.internal.TestInvoker.invokeMethod(TestInvoker.java:598)
	at org.testng.internal.TestInvoker.invokeTestMethod(TestInvoker.java:173)
	at org.testng.internal.MethodRunner.runInSequence(MethodRunner.java:46)
	at org.testng.internal.TestInvoker$MethodInvocationAgent.invoke(TestInvoker.java:824)
	at org.testng.internal.TestInvoker.invokeTestMethods(TestInvoker.java:146)
	at org.testng.internal.TestMethodWorker.invokeTestMethods(TestMethodWorker.java:146)
	at org.testng.internal.TestMethodWorker.run(TestMethodWorker.java:128)
	at java.util.ArrayList.forEach(ArrayList.java:1259)
	at org.testng.TestRunner.privateRun(TestRunner.java:794)
	at org.testng.TestRunner.run(TestRunner.java:596)
	at org.testng.SuiteRunner.runTest(SuiteRunner.java:377)
	at org.testng.SuiteRunner.access$000(SuiteRunner.java:28)
	at org.testng.SuiteRunner$SuiteWorker.run(SuiteRunner.java:418)
	at org.testng.internal.thread.ThreadUtil.lambda$execute$0(ThreadUtil.java:64)
	at java.util.concurrent.FutureTask.run(FutureTask.java:266)
	at java.util.concurrent.ThreadPoolExecutor.runWorker(ThreadPoolExecutor.java:1149)
	at java.util.concurrent.ThreadPoolExecutor$Worker.run(ThreadPoolExecutor.java:624)
	at java.lang.Thread.run(Thread.java:748)


===============================================
    Validate title
    Tests run: 1, Failures: 1, Skips: 0
===============================================

User1 login
]]></system-out>
  </testcase>
  <testcase name="basePageNavigation[user2@abc.com, user2, User2 login](2)" classname="FrameworkBuild.HomePage" time="3.791">
    <system-out><![CDATA[User2 login
]]></system-out>
  </testcase>
  <testcase name="validatePractice" classname="FrameworkBuild.ValidatePracticeLandingPage" time="10.029">
    <system-out><![CDATA[PASSED: basePageNavigation("user1@abc.com", "user1", "User1 login")
PASSED: basePageNavigation("user2@abc.com", "user2", "User2 login")

===============================================
    Validating basePageNavigation
    Tests run: 1, Failures: 0, Skips: 0
===============================================

]]></system-out>
  </testcase>
</testsuite>